<?xml version="1.0" encoding="UTF-8"?>
<!-- Generated by org.testng.reporters.JUnitReportReporter -->
<testsuite hostname="LAPTOP-4JI9QV3F" failures="0" tests="3" name="automation.ECommerceAutomation" time="380.319" errors="0" timestamp="2024-12-22T14:37:05 IST" skipped="0">
  <testcase classname="automation.ECommerceAutomation" name="loginTest" time="20.618"/>
  <system-out/>
  <testcase classname="automation.ECommerceAutomation" name="productSearchAndAddToCartTest" time="27.325"/>
  <system-out/>
  <testcase classname="automation.ECommerceAutomation" name="findBrokenLinks" time="332.376"/>
  <system-out/>
</testsuite> <!-- automation.ECommerceAutomation -->
